LifeSurvivor/android/build/intermediates/manifest_merge_blame_file/debug/manifest-merger-blame-debug-report.txt
1<?xml version="1.0" encoding="utf-8"?>
2<manifest xmlns:android="http://schemas.android.com/apk/res/android"
3    package="com.lifesurvivor"
4    android:versionCode="1"
5    android:versionName="1.0.0" >
6
7    <uses-sdk
8        android:minSdkVersion="21"
9        android:targetSdkVersion="34" />
10
11    <uses-feature
11-->[com.badlogicgames.gdx:gdx-backend-android:1.12.1] AndroidManifest.xml:9:5-11:35
12        android:glEsVersion="0x00020000"
12-->[com.badlogicgames.gdx:gdx-backend-android:1.12.1] AndroidManifest.xml:10:9-41
13        android:required="true" />
13-->[com.badlogicgames.gdx:gdx-backend-android:1.12.1] AndroidManifest.xml:11:9-32
14
15    <application
15-->LifeSurvivor\android\AndroidManifest.xml:4:5-20:19
16        android:allowBackup="true"
16-->LifeSurvivor\android\AndroidManifest.xml:5:9-35
17        android:debuggable="true"
18        android:extractNativeLibs="true"
19        android:icon="@mipmap/ic_launcher"
19-->LifeSurvivor\android\AndroidManifest.xml:6:9-43
20        android:label="Life Survivor"
20-->LifeSurvivor\android\AndroidManifest.xml:7:9-38
21        android:theme="@android:style/Theme.NoTitleBar.Fullscreen" >
21-->LifeSurvivor\android\AndroidManifest.xml:8:9-67
22        <activity
22-->LifeSurvivor\android\AndroidManifest.xml:10:9-19:20
23            android:name="com.lifesurvivor.android.AndroidLauncher"
23-->LifeSurvivor\android\AndroidManifest.xml:11:13-68
24            android:configChanges="keyboard|keyboardHidden|navigation|orientation|screenSize|screenLayout"
24-->LifeSurvivor\android\AndroidManifest.xml:12:13-107
25            android:exported="true"
25-->LifeSurvivor\android\AndroidManifest.xml:13:13-36
26            android:screenOrientation="landscape" >
26-->LifeSurvivor\android\AndroidManifest.xml:14:13-50
27            <intent-filter>
27-->LifeSurvivor\android\AndroidManifest.xml:15:13-18:29
28                <action android:name="android.intent.action.MAIN" />
28-->LifeSurvivor\android\AndroidManifest.xml:16:17-69
28-->LifeSurvivor\android\AndroidManifest.xml:16:25-66
29
30                <category android:name="android.intent.category.LAUNCHER" />
30-->LifeSurvivor\android\AndroidManifest.xml:17:17-77
30-->LifeSurvivor\android\AndroidManifest.xml:17:27-74
31            </intent-filter>
32        </activity>
33    </application>
34
35</manifest>